<?xml version="1.0" encoding="UTF-8"?>
<!-- Generated by org.testng.reporters.JUnitReportReporter -->
<testsuite skipped="1" hostname="Dell-AshishKumar" name="com.qa.hubspot.tests.HomePageTest" tests="2" failures="0" timestamp="24 Aug 2019 19:14:36 GMT" time="23.551" errors="0">
  <testcase name="verifyHomePageHeaderTest" time="23.551" classname="com.qa.hubspot.tests.HomePageTest"/>
  <testcase name="homePageTitleTest" classname="com.qa.hubspot.tests.HomePageTest">
    <skipped/>
  </testcase> <!-- homePageTitleTest -->
</testsuite> <!-- com.qa.hubspot.tests.HomePageTest -->
