<?xml version="1.0" encoding="UTF-8"?>
<!-- Generated by org.testng.reporters.JUnitReportReporter -->
<testsuite skipped="1" hostname="Dell-AshishKumar" name="com.qa.hubspot.tests.LoginPageTest" tests="2" failures="0" timestamp="24 Aug 2019 19:14:36 GMT" time="25.412" errors="0">
  <testcase name="verifyLoginPageTitleTest" time="25.412" classname="com.qa.hubspot.tests.LoginPageTest"/>
  <testcase name="loginTest" classname="com.qa.hubspot.tests.LoginPageTest">
    <skipped/>
  </testcase> <!-- loginTest -->
</testsuite> <!-- com.qa.hubspot.tests.LoginPageTest -->
